22Y-04-25 09:59 info: server is running on PORT : 5000
22Y-04-25 10:01 info: server is running on PORT : 5000
22Y-04-25 10:04 info: server is running on PORT : 5000
22Y-04-25 10:09 info: server is running on PORT : 5000
22Y-04-25 10:11 error: [object Object]
22Y-04-25 10:13 info: server is running on PORT : 5000
22Y-04-25 10:13 error: [object Object]
22Y-04-25 10:16 info: server is running on PORT : 5000
22Y-04-25 10:17 info: server is running on PORT : 5000
22Y-04-25 10:18 info: server is running on PORT : 5000
22Y-04-25 10:19 info: server is running on PORT : 5000
22Y-04-25 10:22 info: server is running on PORT : 5000
22Y-04-25 10:25 info: server is running on PORT : 5000
22Y-04-25 10:26 info: server is running on PORT : 5000
22Y-04-25 10:28 info: server is running on PORT : 5000
22Y-04-25 10:28 error: [object Object]
{"level":"info","message":"server is running on PORT : 5000"}
{"level":"error","message":{"errors":[{"location":"body","msg":"Invalid value","param":"userUploaded"},{"location":"body","msg":"Invalid value","param":"picture"},{"location":"body","msg":"Invalid value","param":"dateUploaded"}]}}
{"level":"info","message":"server is running on PORT : 5000"}
{"level":"info","message":"server is running on PORT : 5000"}
{"level":"error","message":{"errors":[{"location":"body","msg":"Invalid value","param":"userUploaded"},{"location":"body","msg":"Invalid value","param":"picture"},{"location":"body","msg":"Invalid value","param":"dateUploaded"}]}}
{"level":"info","message":"server is running on PORT : 5000"}
{"level":"info","message":"server is running on PORT : 5000"}
{"level":"info","message":"server is running on PORT : 5000"}
{"level":"info","message":"server is running on PORT : 5000"}
{"level":"info","message":"server is running on PORT : 5000"}
{"level":"info","message":"server is running on PORT : 5000"}
{"level":"info","message":"server is running on PORT : 5000"}
{"level":"error","message":"Could not connect to any servers in your MongoDB Atlas cluster. One common reason is that you're trying to access the database from an IP that isn't whitelisted. Make sure your current IP address is on your Atlas cluster's IP whitelist: https://docs.atlas.mongodb.com/security-whitelist/","reason":{"compatible":true,"heartbeatFrequencyMS":10000,"localThresholdMS":15,"servers":{},"setName":"atlas-u31iou-shard-0","stale":false,"type":"ReplicaSetNoPrimary"}}
{"level":"error","message":"Could not connect to any servers in your MongoDB Atlas cluster. One common reason is that you're trying to access the database from an IP that isn't whitelisted. Make sure your current IP address is on your Atlas cluster's IP whitelist: https://docs.atlas.mongodb.com/security-whitelist/","reason":{"compatible":true,"heartbeatFrequencyMS":10000,"localThresholdMS":15,"servers":{},"setName":"atlas-u31iou-shard-0","stale":false,"type":"ReplicaSetNoPrimary"}}
{"level":"info","message":"server is running on PORT : 5000"}
{"level":"error","message":"Could not connect to any servers in your MongoDB Atlas cluster. One common reason is that you're trying to access the database from an IP that isn't whitelisted. Make sure your current IP address is on your Atlas cluster's IP whitelist: https://docs.atlas.mongodb.com/security-whitelist/","reason":{"compatible":true,"heartbeatFrequencyMS":10000,"localThresholdMS":15,"servers":{},"setName":"atlas-u31iou-shard-0","stale":false,"type":"ReplicaSetNoPrimary"}}
{"level":"info","message":"server is running on PORT : 5000"}
{"level":"info","message":"server is running on PORT : 5000"}
{"level":"info","message":"server is running on PORT : 5000"}
{"level":"info","message":"server is running on PORT : 5000"}
{"level":"info","message":"server is running on PORT : 5000"}
{"level":"info","message":"server is running on PORT : 5000"}
{"level":"info","message":"server is running on PORT : 5000"}
{"level":"info","message":"server is running on PORT : 5000"}
